Build started 20-Mar-16 23:19:11.
     1>Project "E:\GoogleDrive\Pattern Recognition\PRHW\01_IntImage\01_IntImage.vcxproj" on node 2 (Build target(s)).
     1>ClCompile:
         C:\Program Files (x86)\Microsoft Visual Studio 12.0\VC\bin\CL.exe /c /ZI /nologo /W3 /WX- /sdl /Od /Oy- /D WIN32 /D _DEBUG /D _CONSOLE /D _LIB /D _UNICODE /D UNICODE /Gm /EHsc /RTC1 /MDd /GS /fp:precise /Zc:wchar_t /Zc:forScope /Fo"Debug\\" /Fd"Debug\vc120.pdb" /Gd /TP /analyze- /errorReport:prompt src\IntImage.cpp src\main.cpp
         IntImage.cpp
     1>e:\googledrive\pattern recognition\prhw\01_intimage\src\intimage.h(40): warning C4244: 'initializing' : conversion from 'double' to 'int', possible loss of data
     1>e:\googledrive\pattern recognition\prhw\01_intimage\src\intimage.h(73): warning C4244: 'initializing' : conversion from 'double' to 'int', possible loss of data
         Generating Code...
         Skipping... (no relevant changes detected)
         main.cpp
       Link:
         C:\Program Files (x86)\Microsoft Visual Studio 12.0\VC\bin\link.exe /ERRORREPORT:PROMPT /OUT:"E:\GoogleDrive\Pattern Recognition\PRHW\01_IntImage\Debug\01_IntImage.exe" /INCREMENTAL /NOLOGO kernel32.lib user32.lib gdi32.lib winspool.lib comdlg32.lib advapi32.lib shell32.lib ole32.lib oleaut32.lib uuid.lib odbc32.lib odbccp32.lib /MANIFEST /MANIFESTUAC:"level='asInvoker' uiAccess='false'" /manifest:embed /DEBUG /PDB:"E:\GoogleDrive\Pattern Recognition\PRHW\01_IntImage\Debug\01_IntImage.pdb" /SUBSYSTEM:CONSOLE /TLBID:1 /DYNAMICBASE /NXCOMPAT /IMPLIB:"E:\GoogleDrive\Pattern Recognition\PRHW\01_IntImage\Debug\01_IntImage.lib" /MACHINE:X86 Debug\IntImage.obj
         Debug\main.obj
     1>main.obj : error LNK2019: unresolved external symbol "private: void __thiscall IntImage::calc_representation<unsigned short>(unsigned short * *,unsigned char * *)" (??$calc_representation@G@IntImage@@AAEXPAPAGPAPAE@Z) referenced in function "public: __thiscall IntImage::IntImage(unsigned char * *,int,int)" (??0IntImage@@QAE@PAPAEHH@Z)
     1>main.obj : error LNK2019: unresolved external symbol "private: void __thiscall IntImage::calc_representation<unsigned int>(unsigned int * *,unsigned char * *)" (??$calc_representation@I@IntImage@@AAEXPAPAIPAPAE@Z) referenced in function "public: __thiscall IntImage::IntImage(unsigned char * *,int,int)" (??0IntImage@@QAE@PAPAEHH@Z)
     1>main.obj : error LNK2019: unresolved external symbol "private: void __thiscall IntImage::calc_representation<unsigned __int64>(unsigned __int64 * *,unsigned char * *)" (??$calc_representation@_K@IntImage@@AAEXPAPA_KPAPAE@Z) referenced in function "public: __thiscall IntImage::IntImage(unsigned char * *,int,int)" (??0IntImage@@QAE@PAPAEHH@Z)
     1>E:\GoogleDrive\Pattern Recognition\PRHW\01_IntImage\Debug\01_IntImage.exe : fatal error LNK1120: 3 unresolved externals
     1>Done Building Project "E:\GoogleDrive\Pattern Recognition\PRHW\01_IntImage\01_IntImage.vcxproj" (Build target(s)) -- FAILED.

Build FAILED.

Time Elapsed 00:00:00.56
